------- Ant diagnostics report -------
Apache Ant(TM) version 1.9.2 compiled on September 12 2013

-------------------------------------------
 Implementation Version
-------------------------------------------
core tasks     : 1.9.2 in file:/usr/share/java/ant/ant.jar

-------------------------------------------
 ANT PROPERTIES
-------------------------------------------
ant.version: Apache Ant(TM) version 1.9.2 compiled on September 12 2013
ant.java.version: 1.6
Is this the Apache Harmony VM? no
Is this the Kaffe VM? no
Is this gij/gcj? no
ant.core.lib: /usr/share/java/ant/ant.jar
ant.home: /usr/share/ant

-------------------------------------------
 ANT_HOME/lib jar listing
-------------------------------------------
ant.home: /usr/share/ant
ant.jar (1999727 bytes)
ant-launcher.jar (19064 bytes)
ant-bootstrap.jar (20918 bytes)

-------------------------------------------
 USER_HOME/.ant/lib jar listing
-------------------------------------------
user.home: /home/tandon
No such directory.

-------------------------------------------
 Tasks availability
-------------------------------------------
image : Not Available (the implementation class is not present)
sshexec : Not Available (the implementation class is not present)
scp : Not Available (the implementation class is not present)
rexec : Not Available (the implementation class is not present)
sshsession : Not Available (the implementation class is not present)
telnet : Not Available (the implementation class is not present)
antlr : Not Available (the implementation class is not present)
netrexxc : Not Available (the implementation class is not present)
ftp : Not Available (the implementation class is not present)
splash : Not Available (the implementation class is not present)
jdepend : Not Available (the implementation class is not present)
junit : Not Available (the implementation class is not present)
junitreport : Not Available (the implementation class is not present)
sound : Not Available (the implementation class is not present)
A task being missing/unavailable should only matter if you are trying to use it

-------------------------------------------
 org.apache.env.Which diagnostics
-------------------------------------------
Not available.
Download it at http://xml.apache.org/commons/

-------------------------------------------
 XML Parser information
-------------------------------------------
XML Parser : org.apache.xerces.jaxp.SAXParserImpl
XML Parser Location: file:/usr/share/java/xerces-j2.jar
Namespace-aware parser : org.apache.xerces.jaxp.SAXParserImpl$JAXPSAXParser
Namespace-aware parser Location: file:/usr/share/java/xerces-j2.jar

-------------------------------------------
 XSLT Processor information
-------------------------------------------
XSLT Processor : com.sun.org.apache.xalan.internal.xsltc.trax.TransformerImpl
XSLT Processor Location: unknown

-------------------------------------------
 System properties
-------------------------------------------
java.runtime.name : Java(TM) SE Runtime Environment
sun.boot.library.path : /usr/java/jdk1.6.0_38/jre/lib/amd64
java.vm.version : 20.13-b02
ant.library.dir : /usr/share/ant/lib
java.vm.vendor : Sun Microsystems Inc.
java.vendor.url : http://java.sun.com/
path.separator : :
java.vm.name : Java HotSpot(TM) 64-Bit Server VM
file.encoding.pkg : sun.io
user.country : US
sun.java.launcher : SUN_STANDARD
sun.os.patch.level : unknown
java.vm.specification.name : Java Virtual Machine Specification
user.dir : /home/tandon/Projects/NVJVM/langtools/make
java.runtime.version : 1.6.0_38-ea-b04
java.awt.graphicsenv : sun.awt.X11GraphicsEnvironment
java.endorsed.dirs : /usr/java/jdk1.6.0_38/jre/lib/endorsed
os.arch : amd64
java.io.tmpdir : /home/tandon/Projects/NVJVM/build/linux-amd64/langtools/build/ant-tmp
line.separator : 

java.vm.specification.vendor : Sun Microsystems Inc.
os.name : Linux
ant.home : /usr/share/ant
sun.jnu.encoding : ANSI_X3.4-1968
java.library.path : /usr/java/jdk1.6.0_38/jre/lib/amd64/server:/usr/java/jdk1.6.0_38/jre/lib/amd64:/usr/java/jdk1.6.0_38/jre/../lib/amd64:/usr/java/packages/lib/amd64:/usr/lib64:/lib64:/lib:/usr/lib
java.specification.name : Java Platform API Specification
java.class.version : 50.0
sun.management.compiler : HotSpot 64-Bit Tiered Compilers
os.version : 3.11.10-301.fc20.x86_64
user.home : /home/tandon
user.timezone : 
java.awt.printerjob : sun.print.PSPrinterJob
file.encoding : ANSI_X3.4-1968
java.specification.version : 1.6
user.name : tandon
java.class.path : /usr/share/java/ant.jar:/usr/share/java/ant-launcher.jar:/usr/share/java/jaxp_parser_impl.jar:/usr/share/java/xml-commons-apis.jar:/usr/java/jdk1.6.0_38//lib/tools.jar:/usr/share/ant/lib/ant.jar:/usr/share/ant/lib/ant-launcher.jar:/usr/share/ant/lib/ant-bootstrap.jar
java.vm.specification.version : 1.0
sun.arch.data.model : 64
java.home : /usr/java/jdk1.6.0_38/jre
sun.java.command : org.apache.tools.ant.launch.Launcher -cp  -diagnostics
java.specification.vendor : Sun Microsystems Inc.
user.language : en
java.vm.info : mixed mode
java.version : 1.6.0_38-ea
java.ext.dirs : /usr/java/jdk1.6.0_38/jre/lib/ext:/usr/java/packages/lib/ext
sun.boot.class.path : /usr/java/jdk1.6.0_38/jre/lib/resources.jar:/usr/java/jdk1.6.0_38/jre/lib/rt.jar:/usr/java/jdk1.6.0_38/jre/lib/sunrsasign.jar:/usr/java/jdk1.6.0_38/jre/lib/jsse.jar:/usr/java/jdk1.6.0_38/jre/lib/jce.jar:/usr/java/jdk1.6.0_38/jre/lib/charsets.jar:/usr/java/jdk1.6.0_38/jre/lib/modules/jdk.boot.jar:/usr/java/jdk1.6.0_38/jre/classes
java.vendor : Sun Microsystems Inc.
file.separator : /
java.vendor.url.bug : http://java.sun.com/cgi-bin/bugreport.cgi
sun.cpu.endian : little
sun.io.unicode.encoding : UnicodeLittle
sun.cpu.isalist : 

-------------------------------------------
 Temp dir
-------------------------------------------
Temp dir is /home/tandon/Projects/NVJVM/build/linux-amd64/langtools/build/ant-tmp
Temp dir is writeable
Temp dir alignment with system clock is -592 ms

-------------------------------------------
 Locale information
-------------------------------------------
Timezone Eastern Standard Time offset=-14400000

-------------------------------------------
 Proxy information
-------------------------------------------
Java1.5+ proxy settings:
Direct connection


Apache Ant(TM) version 1.9.2 compiled on September 12 2013
